Using pre-set license
Built from '2020.3/release' branch; Version is '2020.3.2f1 (8fd9074bf66c) revision 9427207'; Using compiler version '192528614'; Build Type 'Release'
OS: 'Windows 10 Home Single Language; OS build 19042.906; Version 2009; 64bit' Language: 'es' Physical Memory: 8058 MB
BatchMode: 1, IsHumanControllingUs: 0, StartBugReporterOnCrash: 0, Is64bit: 1, IsPro: 0

 COMMAND LINE ARGUMENTS:
C:\Program Files\Unity\Hub\Editor\2020.3.2f1\Editor\Unity.exe
-adb2
-batchMode
-noUpm
-name
AssetImportWorker0
-projectPath
C:/Videojuegos/PruebaUni
-logFile
Logs/AssetImportWorker0.log
-srvPort
53475
Successfully changed project path to: C:/Videojuegos/PruebaUni
C:/Videojuegos/PruebaUni
Using Asset Import Pipeline V2.
Refreshing native plugins compatible for Editor in 149.86 ms, found 1 plugins.
Preloading 0 native plugins for Editor in 0.00 ms.
Initialize engine version: 2020.3.2f1 (8fd9074bf66c)
[Subsystems] Discovering subsystems at path C:/Program Files/Unity/Hub/Editor/2020.3.2f1/Editor/Data/Resources/UnitySubsystems
[Subsystems] Discovering subsystems at path C:/Videojuegos/PruebaUni/Assets
GfxDevice: creating device client; threaded=0
Direct3D:
    Version:  Direct3D 11.0 [level 11.1]
    Renderer: Intel(R) UHD Graphics 620 (ID=0x5917)
    Vendor:   
    VRAM:     4029 MB
    Driver:   27.20.100.8681
Initialize mono
Mono path[0] = 'C:/Program Files/Unity/Hub/Editor/2020.3.2f1/Editor/Data/Managed'
Mono path[1] = 'C:/Program Files/Unity/Hub/Editor/2020.3.2f1/Editor/Data/MonoBleedingEdge/lib/mono/unityjit'
Mono config path = 'C:/Program Files/Unity/Hub/Editor/2020.3.2f1/Editor/Data/MonoBleedingEdge/etc'
Using monoOptions --debugger-agent=transport=dt_socket,embedding=1,server=y,suspend=n,address=127.0.0.1:56304
Begin MonoManager ReloadAssembly
Registering precompiled unity dll's ...
Register platform support module: C:/Program Files/Unity/Hub/Editor/2020.3.2f1/Editor/Data/PlaybackEngines/WindowsStandaloneSupport/UnityEditor.WindowsStandalone.Extensions.dll
Registered in 0.007144 seconds.
Native extension for WindowsStandalone target not found
Refreshing native plugins compatible for Editor in 123.44 ms, found 1 plugins.
Preloading 0 native plugins for Editor in 0.00 ms.
Invoked RoslynAnalysisRunner static constructor.
RoslynAnalysisRunner will not be running.
RoslynAnalysisRunner has terminated.
Mono: successfully reloaded assembly
- Completed reload, in  6.248 seconds
Platform modules already initialized, skipping
Registering precompiled user dll's ...
Registered in 0.003562 seconds.
Begin MonoManager ReloadAssembly
Native extension for WindowsStandalone target not found
Refreshing native plugins compatible for Editor in 126.37 ms, found 1 plugins.
Preloading 0 native plugins for Editor in 0.00 ms.
Invoked RoslynAnalysisRunner static constructor.
RoslynAnalysisRunner will not be running.
RoslynAnalysisRunner has terminated.
Mono: successfully reloaded assembly
- Completed reload, in  2.908 seconds
Platform modules already initialized, skipping
========================================================================
Worker process is ready to serve import requests
Launched and connected shader compiler UnityShaderCompiler.exe after 0.14 seconds
Refreshing native plugins compatible for Editor in 0.61 ms, found 1 plugins.
Preloading 0 native plugins for Editor in 0.00 ms.
Unloading 1808 Unused Serialized files (Serialized files now loaded: 0)
System memory in use before: 84.7 MB.
System memory in use after: 84.7 MB.

Unloading 24 unused Assets to reduce memory usage. Loaded Objects now: 2250.
Total: 6.983300 ms (FindLiveObjects: 0.663900 ms CreateObjectMapping: 0.339700 ms MarkObjects: 5.714600 ms  DeleteObjects: 0.261300 ms)

========================================================================
Received Import Request.
  path: Assets/script/playerControler.cs
  artifactKey: Guid(adf1ed358e3427a49b4987c3e6bd096e) Importer(815301076,1909f56bfc062723c751e8b465ee728b)
Start importing Assets/script/playerControler.cs using Guid(adf1ed358e3427a49b4987c3e6bd096e) Importer(815301076,1909f56bfc062723c751e8b465ee728b)  -> (artifact id: '3b678ce3c5232e7ae965c5724a11b3a1') in 0.203120 seconds
  Import took 0.210429 seconds .

========================================================================
Received Prepare
Registering precompiled user dll's ...
Registered in 0.001131 seconds.
Begin MonoManager ReloadAssembly
Native extension for WindowsStandalone target not found
Refreshing native plugins compatible for Editor in 1.65 ms, found 1 plugins.
Preloading 0 native plugins for Editor in 0.00 ms.
Invoked RoslynAnalysisRunner static constructor.
RoslynAnalysisRunner will not be running.
RoslynAnalysisRunner has terminated.
Mono: successfully reloaded assembly
- Completed reload, in  2.033 seconds
Platform modules already initialized, skipping
Refreshing native plugins compatible for Editor in 0.43 ms, found 1 plugins.
Preloading 0 native plugins for Editor in 0.00 ms.
Unloading 1803 Unused Serialized files (Serialized files now loaded: 0)
System memory in use before: 84.7 MB.
System memory in use after: 84.7 MB.

Unloading 12 unused Assets to reduce memory usage. Loaded Objects now: 2254.
Total: 4.984300 ms (FindLiveObjects: 0.661000 ms CreateObjectMapping: 0.176000 ms MarkObjects: 3.780700 ms  DeleteObjects: 0.364400 ms)

========================================================================
Received Prepare
Registering precompiled user dll's ...
Registered in 0.001094 seconds.
Begin MonoManager ReloadAssembly
Native extension for WindowsStandalone target not found
Refreshing native plugins compatible for Editor in 0.49 ms, found 1 plugins.
Preloading 0 native plugins for Editor in 0.00 ms.
Invoked RoslynAnalysisRunner static constructor.
RoslynAnalysisRunner will not be running.
RoslynAnalysisRunner has terminated.
Mono: successfully reloaded assembly
- Completed reload, in  1.178 seconds
Platform modules already initialized, skipping
Refreshing native plugins compatible for Editor in 0.70 ms, found 1 plugins.
Preloading 0 native plugins for Editor in 0.00 ms.
Unloading 1803 Unused Serialized files (Serialized files now loaded: 0)
System memory in use before: 84.7 MB.
System memory in use after: 84.7 MB.

Unloading 12 unused Assets to reduce memory usage. Loaded Objects now: 2258.
Total: 4.846100 ms (FindLiveObjects: 0.592400 ms CreateObjectMapping: 0.287900 ms MarkObjects: 3.758300 ms  DeleteObjects: 0.204400 ms)

========================================================================
Received Import Request.
  Time since last request: 1362.631953 seconds.
  path: Assets/sprites/character_robot_sheetHD.png
  artifactKey: Guid(17c5d80e0b3e9f847a5732e76983ba9c) Importer(815301076,1909f56bfc062723c751e8b465ee728b)
Start importing Assets/sprites/character_robot_sheetHD.png using Guid(17c5d80e0b3e9f847a5732e76983ba9c) Importer(815301076,1909f56bfc062723c751e8b465ee728b)  -> (artifact id: '4eb255f39103eb1d5b2eb990809810ff') in 0.173271 seconds
  Import took 0.190184 seconds .

========================================================================
Received Import Request.
  Time since last request: 5.159397 seconds.
  path: Assets/sprites/platformPack_item008.png
  artifactKey: Guid(3477917b282d6b743b2cfbe728ba1ce2) Importer(815301076,1909f56bfc062723c751e8b465ee728b)
Start importing Assets/sprites/platformPack_item008.png using Guid(3477917b282d6b743b2cfbe728ba1ce2) Importer(815301076,1909f56bfc062723c751e8b465ee728b)  -> (artifact id: '82b4065ba7b9905661c012b349c94537') in 0.032563 seconds
  Import took 0.037622 seconds .

========================================================================
Received Import Request.
  Time since last request: 58.277223 seconds.
  path: Assets/sprites/character_robot_sheetHD.png
  artifactKey: Guid(17c5d80e0b3e9f847a5732e76983ba9c) Importer(815301076,1909f56bfc062723c751e8b465ee728b)
Start importing Assets/sprites/character_robot_sheetHD.png using Guid(17c5d80e0b3e9f847a5732e76983ba9c) Importer(815301076,1909f56bfc062723c751e8b465ee728b)  -> (artifact id: 'af016735d264bba2fece7a76bf3c733d') in 0.028556 seconds
  Import took 0.035586 seconds .

========================================================================
Received Import Request.
  Time since last request: 294.684021 seconds.
  path: Assets/sprites/character_robot_sheetHD.png
  artifactKey: Guid(17c5d80e0b3e9f847a5732e76983ba9c) Importer(815301076,1909f56bfc062723c751e8b465ee728b)
Start importing Assets/sprites/character_robot_sheetHD.png using Guid(17c5d80e0b3e9f847a5732e76983ba9c) Importer(815301076,1909f56bfc062723c751e8b465ee728b)  -> (artifact id: 'f644aa8d2bf316927535a7c62504e769') in 0.264840 seconds
  Import took 0.274281 seconds .

========================================================================
Received Import Request.
  Time since last request: 16.299816 seconds.
  path: Assets/sprites/character_robot_sheetHD.png
  artifactKey: Guid(17c5d80e0b3e9f847a5732e76983ba9c) Importer(815301076,1909f56bfc062723c751e8b465ee728b)
Start importing Assets/sprites/character_robot_sheetHD.png using Guid(17c5d80e0b3e9f847a5732e76983ba9c) Importer(815301076,1909f56bfc062723c751e8b465ee728b)  -> (artifact id: 'd8793d2fab532c52a4933a67ca50f05b') in 0.341967 seconds
  Import took 0.354287 seconds .

========================================================================
Received Import Request.
  Time since last request: 981.212338 seconds.
  path: Assets/Animations
  artifactKey: Guid(91ec1781d3b65c94f9d72c47a3c1389d) Importer(815301076,1909f56bfc062723c751e8b465ee728b)
Start importing Assets/Animations using Guid(91ec1781d3b65c94f9d72c47a3c1389d) Importer(815301076,1909f56bfc062723c751e8b465ee728b)  -> (artifact id: '18cad9c54425bbaac736d8b2e224f28c') in 0.017668 seconds
  Import took 0.025520 seconds .

========================================================================
Received Prepare
Registering precompiled user dll's ...
Registered in 0.002632 seconds.
Begin MonoManager ReloadAssembly
Native extension for WindowsStandalone target not found
Refreshing native plugins compatible for Editor in 0.99 ms, found 1 plugins.
Preloading 0 native plugins for Editor in 0.00 ms.
Invoked RoslynAnalysisRunner static constructor.
RoslynAnalysisRunner will not be running.
RoslynAnalysisRunner has terminated.
Mono: successfully reloaded assembly
- Completed reload, in  2.742 seconds
Platform modules already initialized, skipping
Refreshing native plugins compatible for Editor in 0.46 ms, found 1 plugins.
Preloading 0 native plugins for Editor in 0.00 ms.
Unloading 1803 Unused Serialized files (Serialized files now loaded: 0)
System memory in use before: 87.8 MB.
System memory in use after: 87.8 MB.

Unloading 12 unused Assets to reduce memory usage. Loaded Objects now: 2272.
Total: 6.098700 ms (FindLiveObjects: 0.913700 ms CreateObjectMapping: 0.333300 ms MarkObjects: 4.692200 ms  DeleteObjects: 0.154800 ms)

========================================================================
Received Import Request.
  Time since last request: 130.348036 seconds.
  path: Assets/Animations/robot
  artifactKey: Guid(270c619b1a99ee24fab726703cd5f005) Importer(815301076,1909f56bfc062723c751e8b465ee728b)
Start importing Assets/Animations/robot using Guid(270c619b1a99ee24fab726703cd5f005) Importer(815301076,1909f56bfc062723c751e8b465ee728b)  -> (artifact id: 'c81c6fd102a250b49d54624b92ba5bbb') in 0.025170 seconds
  Import took 0.037237 seconds .

========================================================================
Received Import Request.
  Time since last request: 38.743816 seconds.
  path: Assets/Animations/robot/move.anim
  artifactKey: Guid(1172c42cc9e23134389916972193185b) Importer(815301076,1909f56bfc062723c751e8b465ee728b)
Start importing Assets/Animations/robot/move.anim using Guid(1172c42cc9e23134389916972193185b) Importer(815301076,1909f56bfc062723c751e8b465ee728b)  -> (artifact id: '0ffc616adbc3bef1576cb75fd8c455d4') in 0.046362 seconds
  Import took 0.056392 seconds .

========================================================================
Received Import Request.
  Time since last request: 117.807801 seconds.
  path: Assets/Animations/robot/Player.controller
  artifactKey: Guid(70a54eef1815fc2459740cce5654fda8) Importer(815301076,1909f56bfc062723c751e8b465ee728b)
Start importing Assets/Animations/robot/Player.controller using Guid(70a54eef1815fc2459740cce5654fda8) Importer(815301076,1909f56bfc062723c751e8b465ee728b)  -> (artifact id: '9518003a7d6968917a727e08cc5453bf') in 0.039522 seconds
  Import took 0.054646 seconds .

========================================================================
Received Prepare
Registering precompiled user dll's ...
Registered in 0.002285 seconds.
Begin MonoManager ReloadAssembly
Native extension for WindowsStandalone target not found
Refreshing native plugins compatible for Editor in 1.37 ms, found 1 plugins.
Preloading 0 native plugins for Editor in 0.00 ms.
Invoked RoslynAnalysisRunner static constructor.
RoslynAnalysisRunner will not be running.
RoslynAnalysisRunner has terminated.
Mono: successfully reloaded assembly
- Completed reload, in  2.024 seconds
Platform modules already initialized, skipping
Refreshing native plugins compatible for Editor in 0.49 ms, found 1 plugins.
Preloading 0 native plugins for Editor in 0.00 ms.
Unloading 1803 Unused Serialized files (Serialized files now loaded: 0)
System memory in use before: 87.9 MB.
System memory in use after: 87.8 MB.

Unloading 12 unused Assets to reduce memory usage. Loaded Objects now: 2276.
Total: 4.360400 ms (FindLiveObjects: 0.782100 ms CreateObjectMapping: 0.299300 ms MarkObjects: 3.059900 ms  DeleteObjects: 0.216000 ms)

========================================================================
Received Prepare
Registering precompiled user dll's ...
Registered in 0.001671 seconds.
Begin MonoManager ReloadAssembly
Native extension for WindowsStandalone target not found
Refreshing native plugins compatible for Editor in 1.60 ms, found 1 plugins.
Preloading 0 native plugins for Editor in 0.00 ms.
Invoked RoslynAnalysisRunner static constructor.
RoslynAnalysisRunner will not be running.
RoslynAnalysisRunner has terminated.
Mono: successfully reloaded assembly
- Completed reload, in  2.624 seconds
Platform modules already initialized, skipping
Refreshing native plugins compatible for Editor in 0.53 ms, found 1 plugins.
Preloading 0 native plugins for Editor in 0.00 ms.
Unloading 1803 Unused Serialized files (Serialized files now loaded: 0)
System memory in use before: 87.9 MB.
System memory in use after: 87.9 MB.

Unloading 12 unused Assets to reduce memory usage. Loaded Objects now: 2280.
Total: 4.839700 ms (FindLiveObjects: 0.366200 ms CreateObjectMapping: 0.085100 ms MarkObjects: 4.127200 ms  DeleteObjects: 0.258500 ms)

========================================================================
Received Import Request.
  Time since last request: 1208.505984 seconds.
  path: Assets/Animations/robot/idle.anim
  artifactKey: Guid(00813ba3d8dc5874a90516358b0778f6) Importer(815301076,1909f56bfc062723c751e8b465ee728b)
Start importing Assets/Animations/robot/idle.anim using Guid(00813ba3d8dc5874a90516358b0778f6) Importer(815301076,1909f56bfc062723c751e8b465ee728b)  -> (artifact id: '9a78c435886879a1a538842ed0fff52f') in 0.042952 seconds
  Import took 0.049175 seconds .

========================================================================
Received Prepare
Registering precompiled user dll's ...
Registered in 0.001671 seconds.
Begin MonoManager ReloadAssembly
Native extension for WindowsStandalone target not found
Refreshing native plugins compatible for Editor in 0.43 ms, found 1 plugins.
Preloading 0 native plugins for Editor in 0.00 ms.
Invoked RoslynAnalysisRunner static constructor.
RoslynAnalysisRunner will not be running.
RoslynAnalysisRunner has terminated.
Mono: successfully reloaded assembly
- Completed reload, in  1.555 seconds
Platform modules already initialized, skipping
Refreshing native plugins compatible for Editor in 0.88 ms, found 1 plugins.
Preloading 0 native plugins for Editor in 0.00 ms.
Unloading 1803 Unused Serialized files (Serialized files now loaded: 0)
System memory in use before: 87.9 MB.
System memory in use after: 87.9 MB.

Unloading 12 unused Assets to reduce memory usage. Loaded Objects now: 2284.
Total: 4.183300 ms (FindLiveObjects: 0.532500 ms CreateObjectMapping: 0.210500 ms MarkObjects: 3.253400 ms  DeleteObjects: 0.183900 ms)

========================================================================
Received Prepare
Registering precompiled user dll's ...
Registered in 0.001527 seconds.
Begin MonoManager ReloadAssembly
Native extension for WindowsStandalone target not found
Refreshing native plugins compatible for Editor in 0.49 ms, found 1 plugins.
Preloading 0 native plugins for Editor in 0.00 ms.
Invoked RoslynAnalysisRunner static constructor.
RoslynAnalysisRunner will not be running.
RoslynAnalysisRunner has terminated.
Mono: successfully reloaded assembly
- Completed reload, in  2.224 seconds
Platform modules already initialized, skipping
Refreshing native plugins compatible for Editor in 0.65 ms, found 1 plugins.
Preloading 0 native plugins for Editor in 0.00 ms.
Unloading 1803 Unused Serialized files (Serialized files now loaded: 0)
System memory in use before: 87.9 MB.
System memory in use after: 87.9 MB.

Unloading 12 unused Assets to reduce memory usage. Loaded Objects now: 2288.
Total: 4.797200 ms (FindLiveObjects: 0.530900 ms CreateObjectMapping: 0.623800 ms MarkObjects: 3.385100 ms  DeleteObjects: 0.254600 ms)

========================================================================
Received Import Request.
  Time since last request: 1973.039640 seconds.
  path: Assets/script/playerControler.cs
  artifactKey: Guid(adf1ed358e3427a49b4987c3e6bd096e) Importer(815301076,1909f56bfc062723c751e8b465ee728b)
Start importing Assets/script/playerControler.cs using Guid(adf1ed358e3427a49b4987c3e6bd096e) Importer(815301076,1909f56bfc062723c751e8b465ee728b)  -> (artifact id: '77fab08f88cd4b1d38680fe75938ce86') in 0.027852 seconds
  Import took 0.045717 seconds .

========================================================================
Received Import Request.
  Time since last request: 0.024064 seconds.
  path: Assets/script/playerControler.cs
  artifactKey: Guid(adf1ed358e3427a49b4987c3e6bd096e) Importer(815301076,1909f56bfc062723c751e8b465ee728b)
Start importing Assets/script/playerControler.cs using Guid(adf1ed358e3427a49b4987c3e6bd096e) Importer(815301076,1909f56bfc062723c751e8b465ee728b)  -> (artifact id: '77fab08f88cd4b1d38680fe75938ce86') in 0.014706 seconds
  Import took 0.028056 seconds .

========================================================================
Received Prepare
Registering precompiled user dll's ...
Registered in 0.002299 seconds.
Begin MonoManager ReloadAssembly
Native extension for WindowsStandalone target not found
Refreshing native plugins compatible for Editor in 1.58 ms, found 1 plugins.
Preloading 0 native plugins for Editor in 0.00 ms.
Invoked RoslynAnalysisRunner static constructor.
RoslynAnalysisRunner will not be running.
RoslynAnalysisRunner has terminated.
Mono: successfully reloaded assembly
- Completed reload, in  2.401 seconds
Platform modules already initialized, skipping
Refreshing native plugins compatible for Editor in 1.05 ms, found 1 plugins.
Preloading 0 native plugins for Editor in 0.00 ms.
Unloading 1803 Unused Serialized files (Serialized files now loaded: 0)
System memory in use before: 87.9 MB.
System memory in use after: 87.9 MB.

Unloading 12 unused Assets to reduce memory usage. Loaded Objects now: 2292.
Total: 5.332800 ms (FindLiveObjects: 0.501000 ms CreateObjectMapping: 0.232600 ms MarkObjects: 4.366600 ms  DeleteObjects: 0.229200 ms)

========================================================================
Received Prepare
Registering precompiled user dll's ...
Registered in 0.001636 seconds.
Begin MonoManager ReloadAssembly
Native extension for WindowsStandalone target not found
Refreshing native plugins compatible for Editor in 0.81 ms, found 1 plugins.
Preloading 0 native plugins for Editor in 0.00 ms.
Invoked RoslynAnalysisRunner static constructor.
RoslynAnalysisRunner will not be running.
RoslynAnalysisRunner has terminated.
Mono: successfully reloaded assembly
- Completed reload, in  1.763 seconds
Platform modules already initialized, skipping
Refreshing native plugins compatible for Editor in 1.18 ms, found 1 plugins.
Preloading 0 native plugins for Editor in 0.00 ms.
Unloading 1803 Unused Serialized files (Serialized files now loaded: 0)
System memory in use before: 87.9 MB.
System memory in use after: 87.9 MB.

Unloading 12 unused Assets to reduce memory usage. Loaded Objects now: 2296.
Total: 5.349400 ms (FindLiveObjects: 0.668100 ms CreateObjectMapping: 0.259500 ms MarkObjects: 4.222400 ms  DeleteObjects: 0.196900 ms)

========================================================================
Received Prepare
Registering precompiled user dll's ...
Registered in 0.002382 seconds.
Begin MonoManager ReloadAssembly
Native extension for WindowsStandalone target not found
Refreshing native plugins compatible for Editor in 0.49 ms, found 1 plugins.
Preloading 0 native plugins for Editor in 0.00 ms.
Invoked RoslynAnalysisRunner static constructor.
RoslynAnalysisRunner will not be running.
RoslynAnalysisRunner has terminated.
Mono: successfully reloaded assembly
- Completed reload, in  1.779 seconds
Platform modules already initialized, skipping
Refreshing native plugins compatible for Editor in 1.07 ms, found 1 plugins.
Preloading 0 native plugins for Editor in 0.00 ms.
Unloading 1803 Unused Serialized files (Serialized files now loaded: 0)
System memory in use before: 88.0 MB.
System memory in use after: 87.9 MB.

Unloading 12 unused Assets to reduce memory usage. Loaded Objects now: 2300.
Total: 3.072900 ms (FindLiveObjects: 0.241400 ms CreateObjectMapping: 0.080700 ms MarkObjects: 2.589600 ms  DeleteObjects: 0.159700 ms)

========================================================================
Received Prepare
Registering precompiled user dll's ...
Registered in 0.003313 seconds.
Begin MonoManager ReloadAssembly
Native extension for WindowsStandalone target not found
Refreshing native plugins compatible for Editor in 0.75 ms, found 1 plugins.
Preloading 0 native plugins for Editor in 0.00 ms.
Invoked RoslynAnalysisRunner static constructor.
RoslynAnalysisRunner will not be running.
RoslynAnalysisRunner has terminated.
Mono: successfully reloaded assembly
- Completed reload, in  1.602 seconds
Platform modules already initialized, skipping
Refreshing native plugins compatible for Editor in 0.48 ms, found 1 plugins.
Preloading 0 native plugins for Editor in 0.00 ms.
Unloading 1803 Unused Serialized files (Serialized files now loaded: 0)
System memory in use before: 88.0 MB.
System memory in use after: 87.9 MB.

Unloading 12 unused Assets to reduce memory usage. Loaded Objects now: 2304.
Total: 5.945500 ms (FindLiveObjects: 1.473900 ms CreateObjectMapping: 1.001400 ms MarkObjects: 3.252800 ms  DeleteObjects: 0.212800 ms)

========================================================================
Received Prepare
Registering precompiled user dll's ...
Registered in 0.001686 seconds.
Begin MonoManager ReloadAssembly
Native extension for WindowsStandalone target not found
Refreshing native plugins compatible for Editor in 0.54 ms, found 1 plugins.
Preloading 0 native plugins for Editor in 0.00 ms.
Invoked RoslynAnalysisRunner static constructor.
RoslynAnalysisRunner will not be running.
RoslynAnalysisRunner has terminated.
Mono: successfully reloaded assembly
- Completed reload, in  1.581 seconds
Platform modules already initialized, skipping
Refreshing native plugins compatible for Editor in 0.55 ms, found 1 plugins.
Preloading 0 native plugins for Editor in 0.00 ms.
Unloading 1803 Unused Serialized files (Serialized files now loaded: 0)
System memory in use before: 88.0 MB.
System memory in use after: 87.9 MB.

Unloading 12 unused Assets to reduce memory usage. Loaded Objects now: 2308.
Total: 8.985400 ms (FindLiveObjects: 1.116800 ms CreateObjectMapping: 1.007800 ms MarkObjects: 6.526700 ms  DeleteObjects: 0.330100 ms)

========================================================================
Received Prepare
Registering precompiled user dll's ...
Registered in 0.004842 seconds.
Begin MonoManager ReloadAssembly
Native extension for WindowsStandalone target not found
Refreshing native plugins compatible for Editor in 0.46 ms, found 1 plugins.
Preloading 0 native plugins for Editor in 0.00 ms.
Invoked RoslynAnalysisRunner static constructor.
RoslynAnalysisRunner will not be running.
RoslynAnalysisRunner has terminated.
Mono: successfully reloaded assembly
- Completed reload, in  1.571 seconds
Platform modules already initialized, skipping
Refreshing native plugins compatible for Editor in 1.08 ms, found 1 plugins.
Preloading 0 native plugins for Editor in 0.00 ms.
Unloading 1803 Unused Serialized files (Serialized files now loaded: 0)
System memory in use before: 88.0 MB.
System memory in use after: 88.0 MB.

Unloading 12 unused Assets to reduce memory usage. Loaded Objects now: 2312.
Total: 5.393000 ms (FindLiveObjects: 0.802100 ms CreateObjectMapping: 0.258300 ms MarkObjects: 4.098700 ms  DeleteObjects: 0.230300 ms)

========================================================================
Received Prepare
Registering precompiled user dll's ...
Registered in 0.001137 seconds.
Begin MonoManager ReloadAssembly
Native extension for WindowsStandalone target not found
Refreshing native plugins compatible for Editor in 0.43 ms, found 1 plugins.
Preloading 0 native plugins for Editor in 0.00 ms.
Invoked RoslynAnalysisRunner static constructor.
RoslynAnalysisRunner will not be running.
RoslynAnalysisRunner has terminated.
Mono: successfully reloaded assembly
- Completed reload, in  1.476 seconds
Platform modules already initialized, skipping
Refreshing native plugins compatible for Editor in 0.42 ms, found 1 plugins.
Preloading 0 native plugins for Editor in 0.00 ms.
Unloading 1803 Unused Serialized files (Serialized files now loaded: 0)
System memory in use before: 88.0 MB.
System memory in use after: 88.0 MB.

Unloading 12 unused Assets to reduce memory usage. Loaded Objects now: 2316.
Total: 4.802100 ms (FindLiveObjects: 0.581400 ms CreateObjectMapping: 0.278600 ms MarkObjects: 3.738800 ms  DeleteObjects: 0.200500 ms)

========================================================================
Received Prepare
Registering precompiled user dll's ...
Registered in 0.004123 seconds.
Begin MonoManager ReloadAssembly
Native extension for WindowsStandalone target not found
Refreshing native plugins compatible for Editor in 0.41 ms, found 1 plugins.
Preloading 0 native plugins for Editor in 0.00 ms.
Invoked RoslynAnalysisRunner static constructor.
RoslynAnalysisRunner will not be running.
RoslynAnalysisRunner has terminated.
Mono: successfully reloaded assembly
- Completed reload, in  1.459 seconds
Platform modules already initialized, skipping
Refreshing native plugins compatible for Editor in 0.67 ms, found 1 plugins.
Preloading 0 native plugins for Editor in 0.00 ms.
Unloading 1803 Unused Serialized files (Serialized files now loaded: 0)
System memory in use before: 88.0 MB.
System memory in use after: 88.0 MB.

Unloading 12 unused Assets to reduce memory usage. Loaded Objects now: 2320.
Total: 4.790300 ms (FindLiveObjects: 0.637100 ms CreateObjectMapping: 0.280200 ms MarkObjects: 3.631000 ms  DeleteObjects: 0.239100 ms)

========================================================================
Received Prepare
Registering precompiled user dll's ...
Registered in 0.001077 seconds.
Begin MonoManager ReloadAssembly
Native extension for WindowsStandalone target not found
Refreshing native plugins compatible for Editor in 0.48 ms, found 1 plugins.
Preloading 0 native plugins for Editor in 0.00 ms.
Invoked RoslynAnalysisRunner static constructor.
RoslynAnalysisRunner will not be running.
RoslynAnalysisRunner has terminated.
Mono: successfully reloaded assembly
- Completed reload, in  1.903 seconds
Platform modules already initialized, skipping
Refreshing native plugins compatible for Editor in 0.40 ms, found 1 plugins.
Preloading 0 native plugins for Editor in 0.00 ms.
Unloading 1803 Unused Serialized files (Serialized files now loaded: 0)
System memory in use before: 88.0 MB.
System memory in use after: 88.0 MB.

Unloading 12 unused Assets to reduce memory usage. Loaded Objects now: 2324.
Total: 4.070300 ms (FindLiveObjects: 0.903200 ms CreateObjectMapping: 0.423000 ms MarkObjects: 2.604300 ms  DeleteObjects: 0.136000 ms)

========================================================================
Received Prepare
Registering precompiled user dll's ...
Registered in 0.005360 seconds.
Begin MonoManager ReloadAssembly
Native extension for WindowsStandalone target not found
Refreshing native plugins compatible for Editor in 0.82 ms, found 1 plugins.
Preloading 0 native plugins for Editor in 0.00 ms.
Invoked RoslynAnalysisRunner static constructor.
RoslynAnalysisRunner will not be running.
RoslynAnalysisRunner has terminated.
Mono: successfully reloaded assembly
- Completed reload, in  2.500 seconds
Platform modules already initialized, skipping
Refreshing native plugins compatible for Editor in 0.48 ms, found 1 plugins.
Preloading 0 native plugins for Editor in 0.00 ms.
Unloading 1803 Unused Serialized files (Serialized files now loaded: 0)
System memory in use before: 88.0 MB.
System memory in use after: 88.0 MB.

Unloading 12 unused Assets to reduce memory usage. Loaded Objects now: 2328.
Total: 4.403300 ms (FindLiveObjects: 0.799900 ms CreateObjectMapping: 0.349000 ms MarkObjects: 3.021600 ms  DeleteObjects: 0.229000 ms)

========================================================================
Received Prepare
Registering precompiled user dll's ...
Registered in 0.003535 seconds.
Begin MonoManager ReloadAssembly
Native extension for WindowsStandalone target not found
Refreshing native plugins compatible for Editor in 0.57 ms, found 1 plugins.
Preloading 0 native plugins for Editor in 0.00 ms.
Invoked RoslynAnalysisRunner static constructor.
RoslynAnalysisRunner will not be running.
RoslynAnalysisRunner has terminated.
Mono: successfully reloaded assembly
- Completed reload, in  1.648 seconds
Platform modules already initialized, skipping
Refreshing native plugins compatible for Editor in 0.64 ms, found 1 plugins.
Preloading 0 native plugins for Editor in 0.00 ms.
Unloading 1803 Unused Serialized files (Serialized files now loaded: 0)
System memory in use before: 88.0 MB.
System memory in use after: 88.0 MB.

Unloading 12 unused Assets to reduce memory usage. Loaded Objects now: 2332.
Total: 6.153500 ms (FindLiveObjects: 0.423200 ms CreateObjectMapping: 0.152100 ms MarkObjects: 5.349900 ms  DeleteObjects: 0.225600 ms)

========================================================================
Received Prepare
Registering precompiled user dll's ...
Registered in 0.001737 seconds.
Begin MonoManager ReloadAssembly
Native extension for WindowsStandalone target not found
Refreshing native plugins compatible for Editor in 0.39 ms, found 1 plugins.
Preloading 0 native plugins for Editor in 0.00 ms.
Invoked RoslynAnalysisRunner static constructor.
RoslynAnalysisRunner will not be running.
RoslynAnalysisRunner has terminated.
Mono: successfully reloaded assembly
- Completed reload, in  1.146 seconds
Platform modules already initialized, skipping
Refreshing native plugins compatible for Editor in 0.71 ms, found 1 plugins.
Preloading 0 native plugins for Editor in 0.00 ms.
Unloading 1803 Unused Serialized files (Serialized files now loaded: 0)
System memory in use before: 88.0 MB.
System memory in use after: 88.0 MB.

Unloading 12 unused Assets to reduce memory usage. Loaded Objects now: 2336.
Total: 5.935900 ms (FindLiveObjects: 0.704700 ms CreateObjectMapping: 0.198600 ms MarkObjects: 4.699700 ms  DeleteObjects: 0.329900 ms)

========================================================================
Received Prepare
Registering precompiled user dll's ...
Registered in 0.002246 seconds.
Begin MonoManager ReloadAssembly
Native extension for WindowsStandalone target not found
Refreshing native plugins compatible for Editor in 0.52 ms, found 1 plugins.
Preloading 0 native plugins for Editor in 0.00 ms.
Invoked RoslynAnalysisRunner static constructor.
RoslynAnalysisRunner will not be running.
RoslynAnalysisRunner has terminated.
Mono: successfully reloaded assembly
- Completed reload, in  2.163 seconds
Platform modules already initialized, skipping
Refreshing native plugins compatible for Editor in 0.65 ms, found 1 plugins.
Preloading 0 native plugins for Editor in 0.00 ms.
Unloading 1803 Unused Serialized files (Serialized files now loaded: 0)
System memory in use before: 88.0 MB.
System memory in use after: 88.0 MB.

Unloading 12 unused Assets to reduce memory usage. Loaded Objects now: 2340.
Total: 7.479600 ms (FindLiveObjects: 0.486800 ms CreateObjectMapping: 0.163900 ms MarkObjects: 6.596800 ms  DeleteObjects: 0.228900 ms)

========================================================================
Received Prepare
Registering precompiled user dll's ...
Registered in 0.002232 seconds.
Begin MonoManager ReloadAssembly
Native extension for WindowsStandalone target not found
Refreshing native plugins compatible for Editor in 0.61 ms, found 1 plugins.
Preloading 0 native plugins for Editor in 0.00 ms.
Invoked RoslynAnalysisRunner static constructor.
RoslynAnalysisRunner will not be running.
RoslynAnalysisRunner has terminated.
Mono: successfully reloaded assembly
- Completed reload, in  2.793 seconds
Platform modules already initialized, skipping
Refreshing native plugins compatible for Editor in 3.65 ms, found 1 plugins.
Preloading 0 native plugins for Editor in 0.00 ms.
Unloading 1803 Unused Serialized files (Serialized files now loaded: 0)
System memory in use before: 88.1 MB.
System memory in use after: 88.0 MB.

Unloading 12 unused Assets to reduce memory usage. Loaded Objects now: 2344.
Total: 13.070300 ms (FindLiveObjects: 0.812100 ms CreateObjectMapping: 0.535700 ms MarkObjects: 11.190800 ms  DeleteObjects: 0.527100 ms)

========================================================================
Received Import Request.
  Time since last request: 4666.110727 seconds.
  path: Assets/sprites/platformPack_item008.png
  artifactKey: Guid(3477917b282d6b743b2cfbe728ba1ce2) Importer(815301076,1909f56bfc062723c751e8b465ee728b)
Start importing Assets/sprites/platformPack_item008.png using Guid(3477917b282d6b743b2cfbe728ba1ce2) Importer(815301076,1909f56bfc062723c751e8b465ee728b)  -> (artifact id: 'c3bb46691be8a2a6d173ceef27d79ca0') in 0.085551 seconds
  Import took 0.092209 seconds .

========================================================================
Received Prepare
Registering precompiled user dll's ...
Registered in 0.001159 seconds.
Begin MonoManager ReloadAssembly
Native extension for WindowsStandalone target not found
Refreshing native plugins compatible for Editor in 2.43 ms, found 1 plugins.
Preloading 0 native plugins for Editor in 0.00 ms.
Invoked RoslynAnalysisRunner static constructor.
RoslynAnalysisRunner will not be running.
RoslynAnalysisRunner has terminated.
Mono: successfully reloaded assembly
- Completed reload, in  1.487 seconds
Platform modules already initialized, skipping
Refreshing native plugins compatible for Editor in 0.90 ms, found 1 plugins.
Preloading 0 native plugins for Editor in 0.00 ms.
Unloading 1803 Unused Serialized files (Serialized files now loaded: 0)
System memory in use before: 88.1 MB.
System memory in use after: 88.0 MB.

Unloading 12 unused Assets to reduce memory usage. Loaded Objects now: 2349.
Total: 4.088700 ms (FindLiveObjects: 0.378300 ms CreateObjectMapping: 0.138800 ms MarkObjects: 3.347600 ms  DeleteObjects: 0.221800 ms)

========================================================================
Received Prepare
Registering precompiled user dll's ...
Registered in 0.001111 seconds.
Begin MonoManager ReloadAssembly
Native extension for WindowsStandalone target not found
Refreshing native plugins compatible for Editor in 0.86 ms, found 1 plugins.
Preloading 0 native plugins for Editor in 0.00 ms.
Invoked RoslynAnalysisRunner static constructor.
RoslynAnalysisRunner will not be running.
RoslynAnalysisRunner has terminated.
Mono: successfully reloaded assembly
- Completed reload, in  1.813 seconds
Platform modules already initialized, skipping
Refreshing native plugins compatible for Editor in 0.38 ms, found 1 plugins.
Preloading 0 native plugins for Editor in 0.00 ms.
Unloading 1803 Unused Serialized files (Serialized files now loaded: 0)
System memory in use before: 88.1 MB.
System memory in use after: 88.1 MB.

Unloading 12 unused Assets to reduce memory usage. Loaded Objects now: 2353.
Total: 5.144700 ms (FindLiveObjects: 0.400200 ms CreateObjectMapping: 0.118900 ms MarkObjects: 4.423500 ms  DeleteObjects: 0.199600 ms)

========================================================================
Received Import Request.
  Time since last request: 506.756586 seconds.
  path: Assets/script/coinControler.cs
  artifactKey: Guid(76b2ab576d5d1a746980b1f1b5f44fde) Importer(815301076,1909f56bfc062723c751e8b465ee728b)
Start importing Assets/script/coinControler.cs using Guid(76b2ab576d5d1a746980b1f1b5f44fde) Importer(815301076,1909f56bfc062723c751e8b465ee728b)  -> (artifact id: '7f0b1b95f3662f6d12d1c72cf9afdaf1') in 0.022072 seconds
  Import took 0.031588 seconds .

========================================================================
Received Prepare
Registering precompiled user dll's ...
Registered in 0.001106 seconds.
Begin MonoManager ReloadAssembly
Native extension for WindowsStandalone target not found
Refreshing native plugins compatible for Editor in 0.66 ms, found 1 plugins.
Preloading 0 native plugins for Editor in 0.00 ms.
Invoked RoslynAnalysisRunner static constructor.
RoslynAnalysisRunner will not be running.
RoslynAnalysisRunner has terminated.
Mono: successfully reloaded assembly
- Completed reload, in  1.736 seconds
Platform modules already initialized, skipping
Refreshing native plugins compatible for Editor in 1.04 ms, found 1 plugins.
Preloading 0 native plugins for Editor in 0.00 ms.
Unloading 1804 Unused Serialized files (Serialized files now loaded: 0)
System memory in use before: 88.1 MB.
System memory in use after: 88.1 MB.

Unloading 12 unused Assets to reduce memory usage. Loaded Objects now: 2358.
Total: 5.899700 ms (FindLiveObjects: 0.543800 ms CreateObjectMapping: 0.222400 ms MarkObjects: 4.884700 ms  DeleteObjects: 0.245600 ms)

========================================================================
Received Prepare
Registering precompiled user dll's ...
Registered in 0.002046 seconds.
Begin MonoManager ReloadAssembly
Native extension for WindowsStandalone target not found
Refreshing native plugins compatible for Editor in 0.44 ms, found 1 plugins.
Preloading 0 native plugins for Editor in 0.00 ms.
Invoked RoslynAnalysisRunner static constructor.
RoslynAnalysisRunner will not be running.
RoslynAnalysisRunner has terminated.
Mono: successfully reloaded assembly
- Completed reload, in  1.184 seconds
Platform modules already initialized, skipping
Refreshing native plugins compatible for Editor in 0.50 ms, found 1 plugins.
Preloading 0 native plugins for Editor in 0.00 ms.
Unloading 1804 Unused Serialized files (Serialized files now loaded: 0)
System memory in use before: 88.1 MB.
System memory in use after: 88.1 MB.

Unloading 12 unused Assets to reduce memory usage. Loaded Objects now: 2362.
Total: 3.013600 ms (FindLiveObjects: 0.262400 ms CreateObjectMapping: 0.082400 ms MarkObjects: 2.510300 ms  DeleteObjects: 0.157100 ms)

========================================================================
Received Import Request.
  Time since last request: 298.438048 seconds.
  path: Assets/script/coinControler.cs
  artifactKey: Guid(76b2ab576d5d1a746980b1f1b5f44fde) Importer(815301076,1909f56bfc062723c751e8b465ee728b)
Start importing Assets/script/coinControler.cs using Guid(76b2ab576d5d1a746980b1f1b5f44fde) Importer(815301076,1909f56bfc062723c751e8b465ee728b)  -> (artifact id: '3aeea821a2363f4cca482cb30387e35c') in 0.006000 seconds
  Import took 0.009558 seconds .

========================================================================
Received Prepare
Registering precompiled user dll's ...
Registered in 0.002491 seconds.
Begin MonoManager ReloadAssembly
Native extension for WindowsStandalone target not found
Refreshing native plugins compatible for Editor in 0.65 ms, found 1 plugins.
Preloading 0 native plugins for Editor in 0.00 ms.
Invoked RoslynAnalysisRunner static constructor.
RoslynAnalysisRunner will not be running.
RoslynAnalysisRunner has terminated.
Mono: successfully reloaded assembly
- Completed reload, in  1.960 seconds
Platform modules already initialized, skipping
Refreshing native plugins compatible for Editor in 0.46 ms, found 1 plugins.
Preloading 0 native plugins for Editor in 0.00 ms.
Unloading 1804 Unused Serialized files (Serialized files now loaded: 0)
System memory in use before: 88.1 MB.
System memory in use after: 88.1 MB.

Unloading 12 unused Assets to reduce memory usage. Loaded Objects now: 2366.
Total: 2.877000 ms (FindLiveObjects: 0.556900 ms CreateObjectMapping: 0.185600 ms MarkObjects: 2.022500 ms  DeleteObjects: 0.110600 ms)

========================================================================
Received Import Request.
  Time since last request: 106.109316 seconds.
  path: Assets/script/coinControler.cs
  artifactKey: Guid(76b2ab576d5d1a746980b1f1b5f44fde) Importer(815301076,1909f56bfc062723c751e8b465ee728b)
Start importing Assets/script/coinControler.cs using Guid(76b2ab576d5d1a746980b1f1b5f44fde) Importer(815301076,1909f56bfc062723c751e8b465ee728b)  -> (artifact id: '41bce65e774ec5eb49629ee288163603') in 0.008140 seconds
  Import took 0.012940 seconds .

========================================================================
Received Prepare
Registering precompiled user dll's ...
Registered in 0.001398 seconds.
Begin MonoManager ReloadAssembly
Native extension for WindowsStandalone target not found
Refreshing native plugins compatible for Editor in 0.37 ms, found 1 plugins.
Preloading 0 native plugins for Editor in 0.00 ms.
Invoked RoslynAnalysisRunner static constructor.
RoslynAnalysisRunner will not be running.
RoslynAnalysisRunner has terminated.
Mono: successfully reloaded assembly
- Completed reload, in  2.020 seconds
Platform modules already initialized, skipping
Refreshing native plugins compatible for Editor in 0.42 ms, found 1 plugins.
Preloading 0 native plugins for Editor in 0.00 ms.
Unloading 1804 Unused Serialized files (Serialized files now loaded: 0)
System memory in use before: 88.1 MB.
System memory in use after: 88.1 MB.

Unloading 12 unused Assets to reduce memory usage. Loaded Objects now: 2370.
Total: 2.539300 ms (FindLiveObjects: 0.243200 ms CreateObjectMapping: 0.071000 ms MarkObjects: 2.108700 ms  DeleteObjects: 0.115200 ms)

========================================================================
Received Import Request.
  Time since last request: 86.519422 seconds.
  path: Assets/Prefats
  artifactKey: Guid(9b72b5ad16bd41549b26139aeafe63cd) Importer(815301076,1909f56bfc062723c751e8b465ee728b)
Start importing Assets/Prefats using Guid(9b72b5ad16bd41549b26139aeafe63cd) Importer(815301076,1909f56bfc062723c751e8b465ee728b)  -> (artifact id: '97b2375b25b84277c81b04c3128318ab') in 0.019253 seconds
  Import took 0.025805 seconds .

========================================================================
Received Import Request.
  Time since last request: 0.000416 seconds.
  path: Assets/Prefats
  artifactKey: Guid(9b72b5ad16bd41549b26139aeafe63cd) Importer(815301076,1909f56bfc062723c751e8b465ee728b)
Start importing Assets/Prefats using Guid(9b72b5ad16bd41549b26139aeafe63cd) Importer(815301076,1909f56bfc062723c751e8b465ee728b)  -> (artifact id: '97b2375b25b84277c81b04c3128318ab') in 0.005124 seconds
  Import took 0.013678 seconds .

========================================================================
Received Import Request.
  Time since last request: 33.523712 seconds.
  path: Assets/Prefabs
  artifactKey: Guid(9b72b5ad16bd41549b26139aeafe63cd) Importer(815301076,1909f56bfc062723c751e8b465ee728b)
Start importing Assets/Prefabs using Guid(9b72b5ad16bd41549b26139aeafe63cd) Importer(815301076,1909f56bfc062723c751e8b465ee728b)  -> (artifact id: 'ab07496cc67715ee814b4b3da94e95ce') in 0.014272 seconds
  Import took 0.019182 seconds .

========================================================================
Received Import Request.
  Time since last request: 28.712865 seconds.
  path: Assets/Prefabs/coin.prefab
  artifactKey: Guid(884348aea7c0e37439abcf2953448ac4) Importer(815301076,1909f56bfc062723c751e8b465ee728b)
Start importing Assets/Prefabs/coin.prefab using Guid(884348aea7c0e37439abcf2953448ac4) Importer(815301076,1909f56bfc062723c751e8b465ee728b)  -> (artifact id: 'e5c8450797b602f4747b200e1ee67600') in 0.132276 seconds
  Import took 0.136671 seconds .

========================================================================
Received Import Request.
  Time since last request: 0.004567 seconds.
  path: Assets/Prefabs/coin.prefab
  artifactKey: Guid(884348aea7c0e37439abcf2953448ac4) Importer(815301076,1909f56bfc062723c751e8b465ee728b)
Start importing Assets/Prefabs/coin.prefab using Guid(884348aea7c0e37439abcf2953448ac4) Importer(815301076,1909f56bfc062723c751e8b465ee728b)  -> (artifact id: 'e5c8450797b602f4747b200e1ee67600') in 0.019153 seconds
  Import took 0.025144 seconds .

========================================================================
Received Import Request.
  Time since last request: 163.477463 seconds.
  path: Assets/script/coinSpawner.cs
  artifactKey: Guid(c392d07453ee72342bbc65d225ebbcd7) Importer(815301076,1909f56bfc062723c751e8b465ee728b)
Start importing Assets/script/coinSpawner.cs using Guid(c392d07453ee72342bbc65d225ebbcd7) Importer(815301076,1909f56bfc062723c751e8b465ee728b)  -> (artifact id: '168ef9a745626ebb8bdb36e3a316382e') in 0.016339 seconds
  Import took 0.025556 seconds .

========================================================================
Received Prepare
Registering precompiled user dll's ...
Registered in 0.001336 seconds.
Begin MonoManager ReloadAssembly
Native extension for WindowsStandalone target not found
Refreshing native plugins compatible for Editor in 0.39 ms, found 1 plugins.
Preloading 0 native plugins for Editor in 0.00 ms.
Invoked RoslynAnalysisRunner static constructor.
RoslynAnalysisRunner will not be running.
RoslynAnalysisRunner has terminated.
Mono: successfully reloaded assembly
- Completed reload, in  1.948 seconds
Platform modules already initialized, skipping
Refreshing native plugins compatible for Editor in 0.52 ms, found 1 plugins.
Preloading 0 native plugins for Editor in 0.00 ms.
Unloading 1805 Unused Serialized files (Serialized files now loaded: 0)
System memory in use before: 88.2 MB.
System memory in use after: 88.2 MB.

Unloading 12 unused Assets to reduce memory usage. Loaded Objects now: 2380.
Total: 4.825600 ms (FindLiveObjects: 0.349200 ms CreateObjectMapping: 0.123100 ms MarkObjects: 4.065000 ms  DeleteObjects: 0.285100 ms)

========================================================================
Received Prepare
Registering precompiled user dll's ...
Registered in 0.001095 seconds.
Begin MonoManager ReloadAssembly
Native extension for WindowsStandalone target not found
Refreshing native plugins compatible for Editor in 0.76 ms, found 1 plugins.
Preloading 0 native plugins for Editor in 0.00 ms.
Invoked RoslynAnalysisRunner static constructor.
RoslynAnalysisRunner will not be running.
RoslynAnalysisRunner has terminated.
Mono: successfully reloaded assembly
- Completed reload, in  1.593 seconds
Platform modules already initialized, skipping
Refreshing native plugins compatible for Editor in 1.34 ms, found 1 plugins.
Preloading 0 native plugins for Editor in 0.00 ms.
Unloading 1805 Unused Serialized files (Serialized files now loaded: 0)
System memory in use before: 88.2 MB.
System memory in use after: 88.2 MB.

Unloading 12 unused Assets to reduce memory usage. Loaded Objects now: 2384.
Total: 5.933300 ms (FindLiveObjects: 0.520700 ms CreateObjectMapping: 0.208200 ms MarkObjects: 4.945500 ms  DeleteObjects: 0.255400 ms)

========================================================================
Received Import Request.
  Time since last request: 342.239141 seconds.
  path: Assets/script/coinSpawner.cs
  artifactKey: Guid(c392d07453ee72342bbc65d225ebbcd7) Importer(815301076,1909f56bfc062723c751e8b465ee728b)
Start importing Assets/script/coinSpawner.cs using Guid(c392d07453ee72342bbc65d225ebbcd7) Importer(815301076,1909f56bfc062723c751e8b465ee728b)  -> (artifact id: 'bd0be7078d1a62103f2bbd282c328293') in 0.008102 seconds
  Import took 0.014831 seconds .

========================================================================
Received Import Request.
  Time since last request: 21.620148 seconds.
  path: Assets/script/coinSpawner.cs
  artifactKey: Guid(c392d07453ee72342bbc65d225ebbcd7) Importer(815301076,1909f56bfc062723c751e8b465ee728b)
Start importing Assets/script/coinSpawner.cs using Guid(c392d07453ee72342bbc65d225ebbcd7) Importer(815301076,1909f56bfc062723c751e8b465ee728b)  -> (artifact id: 'bb5bf34b4caef33a03bf48aaf66767e2') in 0.006548 seconds
  Import took 0.012569 seconds .

========================================================================
Received Prepare
Registering precompiled user dll's ...
Registered in 0.001081 seconds.
Begin MonoManager ReloadAssembly
Native extension for WindowsStandalone target not found
Refreshing native plugins compatible for Editor in 1.42 ms, found 1 plugins.
Preloading 0 native plugins for Editor in 0.00 ms.
Invoked RoslynAnalysisRunner static constructor.
RoslynAnalysisRunner will not be running.
RoslynAnalysisRunner has terminated.
Mono: successfully reloaded assembly
- Completed reload, in  1.508 seconds
Platform modules already initialized, skipping
Refreshing native plugins compatible for Editor in 0.41 ms, found 1 plugins.
Preloading 0 native plugins for Editor in 0.00 ms.
Unloading 1805 Unused Serialized files (Serialized files now loaded: 0)
System memory in use before: 88.2 MB.
System memory in use after: 88.2 MB.

Unloading 12 unused Assets to reduce memory usage. Loaded Objects now: 2388.
Total: 2.309900 ms (FindLiveObjects: 0.205600 ms CreateObjectMapping: 0.055000 ms MarkObjects: 1.938200 ms  DeleteObjects: 0.109900 ms)

========================================================================
Received Prepare
Registering precompiled user dll's ...
Registered in 0.001545 seconds.
Begin MonoManager ReloadAssembly
Native extension for WindowsStandalone target not found
Refreshing native plugins compatible for Editor in 0.38 ms, found 1 plugins.
Preloading 0 native plugins for Editor in 0.00 ms.
Invoked RoslynAnalysisRunner static constructor.
RoslynAnalysisRunner will not be running.
RoslynAnalysisRunner has terminated.
Mono: successfully reloaded assembly
- Completed reload, in  1.087 seconds
Platform modules already initialized, skipping
Refreshing native plugins compatible for Editor in 0.38 ms, found 1 plugins.
Preloading 0 native plugins for Editor in 0.00 ms.
Unloading 1805 Unused Serialized files (Serialized files now loaded: 0)
System memory in use before: 88.2 MB.
System memory in use after: 88.2 MB.

Unloading 12 unused Assets to reduce memory usage. Loaded Objects now: 2392.
Total: 2.722100 ms (FindLiveObjects: 0.287300 ms CreateObjectMapping: 0.075800 ms MarkObjects: 2.094200 ms  DeleteObjects: 0.263500 ms)

========================================================================
Received Prepare
Registering precompiled user dll's ...
Registered in 0.001642 seconds.
Begin MonoManager ReloadAssembly
Native extension for WindowsStandalone target not found
Refreshing native plugins compatible for Editor in 1.45 ms, found 1 plugins.
Preloading 0 native plugins for Editor in 0.00 ms.
Invoked RoslynAnalysisRunner static constructor.
RoslynAnalysisRunner will not be running.
RoslynAnalysisRunner has terminated.
Mono: successfully reloaded assembly
- Completed reload, in  1.969 seconds
Platform modules already initialized, skipping
Refreshing native plugins compatible for Editor in 0.42 ms, found 1 plugins.
Preloading 0 native plugins for Editor in 0.00 ms.
Unloading 1805 Unused Serialized files (Serialized files now loaded: 0)
System memory in use before: 88.2 MB.
System memory in use after: 88.2 MB.

Unloading 12 unused Assets to reduce memory usage. Loaded Objects now: 2396.
Total: 2.627500 ms (FindLiveObjects: 0.262000 ms CreateObjectMapping: 0.090600 ms MarkObjects: 2.138800 ms  DeleteObjects: 0.135000 ms)

========================================================================
Received Prepare
Registering precompiled user dll's ...
Registered in 0.001479 seconds.
Begin MonoManager ReloadAssembly
Native extension for WindowsStandalone target not found
Refreshing native plugins compatible for Editor in 0.75 ms, found 1 plugins.
Preloading 0 native plugins for Editor in 0.00 ms.
Invoked RoslynAnalysisRunner static constructor.
RoslynAnalysisRunner will not be running.
RoslynAnalysisRunner has terminated.
Mono: successfully reloaded assembly
- Completed reload, in  1.672 seconds
Platform modules already initialized, skipping
Refreshing native plugins compatible for Editor in 0.51 ms, found 1 plugins.
Preloading 0 native plugins for Editor in 0.00 ms.
Unloading 1805 Unused Serialized files (Serialized files now loaded: 0)
System memory in use before: 88.2 MB.
System memory in use after: 88.2 MB.

Unloading 12 unused Assets to reduce memory usage. Loaded Objects now: 2400.
Total: 2.517400 ms (FindLiveObjects: 0.390500 ms CreateObjectMapping: 0.094200 ms MarkObjects: 1.916600 ms  DeleteObjects: 0.113300 ms)

========================================================================
Received Prepare
Registering precompiled user dll's ...
Registered in 0.001017 seconds.
Begin MonoManager ReloadAssembly
Native extension for WindowsStandalone target not found
Refreshing native plugins compatible for Editor in 1.00 ms, found 1 plugins.
Preloading 0 native plugins for Editor in 0.00 ms.
Invoked RoslynAnalysisRunner static constructor.
RoslynAnalysisRunner will not be running.
RoslynAnalysisRunner has terminated.
Mono: successfully reloaded assembly
- Completed reload, in  1.869 seconds
Platform modules already initialized, skipping
Refreshing native plugins compatible for Editor in 0.39 ms, found 1 plugins.
Preloading 0 native plugins for Editor in 0.00 ms.
Unloading 1805 Unused Serialized files (Serialized files now loaded: 0)
System memory in use before: 88.2 MB.
System memory in use after: 88.2 MB.

Unloading 12 unused Assets to reduce memory usage. Loaded Objects now: 2404.
Total: 4.198000 ms (FindLiveObjects: 0.674800 ms CreateObjectMapping: 0.195100 ms MarkObjects: 3.161300 ms  DeleteObjects: 0.163600 ms)

========================================================================
Received Import Request.
  Time since last request: 425.247285 seconds.
  path: Assets/Prefabs/coin.prefab
  artifactKey: Guid(884348aea7c0e37439abcf2953448ac4) Importer(815301076,1909f56bfc062723c751e8b465ee728b)
Start importing Assets/Prefabs/coin.prefab using Guid(884348aea7c0e37439abcf2953448ac4) Importer(815301076,1909f56bfc062723c751e8b465ee728b)  -> (artifact id: '1dec36ee756dd2e65916c0d480adbf59') in 0.075217 seconds
  Import took 0.080489 seconds .

========================================================================
Received Prepare
Registering precompiled user dll's ...
Registered in 0.002500 seconds.
Begin MonoManager ReloadAssembly
Native extension for WindowsStandalone target not found
Refreshing native plugins compatible for Editor in 0.75 ms, found 1 plugins.
Preloading 0 native plugins for Editor in 0.00 ms.
Invoked RoslynAnalysisRunner static constructor.
RoslynAnalysisRunner will not be running.
RoslynAnalysisRunner has terminated.
Mono: successfully reloaded assembly
- Completed reload, in  2.377 seconds
Platform modules already initialized, skipping
Refreshing native plugins compatible for Editor in 1.32 ms, found 1 plugins.
Preloading 0 native plugins for Editor in 0.00 ms.
Unloading 1805 Unused Serialized files (Serialized files now loaded: 0)
System memory in use before: 88.3 MB.
System memory in use after: 88.2 MB.

Unloading 12 unused Assets to reduce memory usage. Loaded Objects now: 2409.
Total: 7.162600 ms (FindLiveObjects: 0.462600 ms CreateObjectMapping: 0.118700 ms MarkObjects: 6.372300 ms  DeleteObjects: 0.207000 ms)

========================================================================
Received Prepare
Registering precompiled user dll's ...
Registered in 0.001153 seconds.
Begin MonoManager ReloadAssembly
Native extension for WindowsStandalone target not found
Refreshing native plugins compatible for Editor in 0.74 ms, found 1 plugins.
Preloading 0 native plugins for Editor in 0.00 ms.
Invoked RoslynAnalysisRunner static constructor.
RoslynAnalysisRunner will not be running.
RoslynAnalysisRunner has terminated.
Mono: successfully reloaded assembly
- Completed reload, in  1.853 seconds
Platform modules already initialized, skipping
Refreshing native plugins compatible for Editor in 0.67 ms, found 1 plugins.
Preloading 0 native plugins for Editor in 0.00 ms.
Unloading 1805 Unused Serialized files (Serialized files now loaded: 0)
System memory in use before: 88.3 MB.
System memory in use after: 88.2 MB.

Unloading 12 unused Assets to reduce memory usage. Loaded Objects now: 2413.
Total: 2.818200 ms (FindLiveObjects: 0.477700 ms CreateObjectMapping: 0.154900 ms MarkObjects: 2.069800 ms  DeleteObjects: 0.113000 ms)

========================================================================
Received Prepare
Registering precompiled user dll's ...
Registered in 0.001763 seconds.
Begin MonoManager ReloadAssembly
Native extension for WindowsStandalone target not found
Refreshing native plugins compatible for Editor in 0.75 ms, found 1 plugins.
Preloading 0 native plugins for Editor in 0.00 ms.
Invoked RoslynAnalysisRunner static constructor.
RoslynAnalysisRunner will not be running.
RoslynAnalysisRunner has terminated.
Mono: successfully reloaded assembly
- Completed reload, in  2.453 seconds
Platform modules already initialized, skipping
Refreshing native plugins compatible for Editor in 0.69 ms, found 1 plugins.
Preloading 0 native plugins for Editor in 0.00 ms.
Unloading 1805 Unused Serialized files (Serialized files now loaded: 0)
System memory in use before: 88.3 MB.
System memory in use after: 88.3 MB.

Unloading 12 unused Assets to reduce memory usage. Loaded Objects now: 2417.
Total: 3.534600 ms (FindLiveObjects: 0.443700 ms CreateObjectMapping: 0.144800 ms MarkObjects: 2.784400 ms  DeleteObjects: 0.159600 ms)

========================================================================
Received Prepare
Registering precompiled user dll's ...
Registered in 0.001064 seconds.
Begin MonoManager ReloadAssembly
Native extension for WindowsStandalone target not found
Refreshing native plugins compatible for Editor in 1.01 ms, found 1 plugins.
Preloading 0 native plugins for Editor in 0.00 ms.
Invoked RoslynAnalysisRunner static constructor.
RoslynAnalysisRunner will not be running.
RoslynAnalysisRunner has terminated.
Mono: successfully reloaded assembly
- Completed reload, in  2.088 seconds
Platform modules already initialized, skipping
Refreshing native plugins compatible for Editor in 0.56 ms, found 1 plugins.
Preloading 0 native plugins for Editor in 0.00 ms.
Unloading 1805 Unused Serialized files (Serialized files now loaded: 0)
System memory in use before: 88.3 MB.
System memory in use after: 88.3 MB.

Unloading 12 unused Assets to reduce memory usage. Loaded Objects now: 2421.
Total: 3.059200 ms (FindLiveObjects: 0.467000 ms CreateObjectMapping: 0.175000 ms MarkObjects: 2.295100 ms  DeleteObjects: 0.121000 ms)

========================================================================
Received Prepare
Registering precompiled user dll's ...
Registered in 0.001027 seconds.
Begin MonoManager ReloadAssembly
Native extension for WindowsStandalone target not found
Refreshing native plugins compatible for Editor in 0.38 ms, found 1 plugins.
Preloading 0 native plugins for Editor in 0.00 ms.
Invoked RoslynAnalysisRunner static constructor.
RoslynAnalysisRunner will not be running.
RoslynAnalysisRunner has terminated.
Mono: successfully reloaded assembly
- Completed reload, in  1.047 seconds
Platform modules already initialized, skipping
Refreshing native plugins compatible for Editor in 0.57 ms, found 1 plugins.
Preloading 0 native plugins for Editor in 0.00 ms.
Unloading 1805 Unused Serialized files (Serialized files now loaded: 0)
System memory in use before: 88.3 MB.
System memory in use after: 88.3 MB.

Unloading 12 unused Assets to reduce memory usage. Loaded Objects now: 2425.
Total: 3.649000 ms (FindLiveObjects: 0.402800 ms CreateObjectMapping: 0.113700 ms MarkObjects: 2.850600 ms  DeleteObjects: 0.279300 ms)

AssetImportWorkerClient::OnTransportError - code=2 error=End of file
